{
    "GALXONE": [
        {
            "date": "290124173913",
            "mission": "GALXONE",
            "device_type": "device_5",
            "device_status": "unknown",
            "hash": "9e33b2beff72faeb96a7e810f63e4832"
        },
        {
            "date": "290124173913",
            "mission": "GALXONE",
            "device_type": "device_7",
            "device_status": "warning",
            "hash": "22846cdbf9ea049995fb8e847ba80670"
        },
        {
            "date": "290124173913",
            "mission": "GALXONE",
            "device_type": "device_8",
            "device_status": "unknown",
            "hash": "eb975a04dac8de8a19994e3c54cb2092"
        },
        {
            "date": "290124173913",
            "mission": "GALXONE",
            "device_type": "device_5",
            "device_status": "faulty",
            "hash": "d08c1f00d199439a3276e09618d0e4e7"
        },
        {
            "date": "290124173913",
            "mission": "GALXONE",
            "device_type": "device_7",
            "device_status": "faulty",
            "hash": "9d157b23c67ad19cfbdf3b66695f70b3"
        },
        {
            "date": "290124173913",
            "mission": "GALXONE",
            "device_type": "device_5",
            "device_status": "killed",
            "hash": "86cd4500db5864122631faa0c0d704d8"
        },
        {
            "date": "290124173913",
            "mission": "GALXONE",
            "device_type": "device_4",
            "device_status": "warning",
            "hash": "94dd5162fdd98c4252e2f8c25986ee14"
        },
        {
            "date": "290124173913",
            "mission": "GALXONE",
            "device_type": "device_9",
            "device_status": "faulty",
            "hash": "4b36e4336a41d51c1f78f6245ac45503"
        },
        {
            "date": "290124173913",
            "mission": "GALXONE",
            "device_type": "device_8",
            "device_status": "excellent",
            "hash": "2b079d92878bffc52d7fc37830d4cc80"
        },
        {
            "date": "290124173913",
            "mission": "GALXONE",
            "device_type": "device_3",
            "device_status": "unknown",
            "hash": "0644a536e2a7fe711188b118000b02ca"
        },
        {
            "date": "290124173913",
            "mission": "GALXONE",
            "device_type": "device_8",
            "device_status": "unknown",
            "hash": "eb975a04dac8de8a19994e3c54cb2092"
        },
        {
            "date": "290124173913",
            "mission": "GALXONE",
            "device_type": "device_2",
            "device_status": "good",
            "hash": "8b678d970ddbba770273e9cb480bd997"
        },
        {
            "date": "290124173913",
            "mission": "GALXONE",
            "device_type": "device_3",
            "device_status": "killed",
            "hash": "08412559e8cd19b4ff8d2cbb4923a427"
        },
        {
            "date": "290124173913",
            "mission": "GALXONE",
            "device_type": "device_5",
            "device_status": "faulty",
            "hash": "d08c1f00d199439a3276e09618d0e4e7"
        },
        {
            "date": "290124173913",
            "mission": "GALXONE",
            "device_type": "device_7",
            "device_status": "killed",
            "hash": "f93c0fe656814c92b1ba3ef2c541aaba"
        },
        {
            "date": "290124173913",
            "mission": "GALXONE",
            "device_type": "device_2",
            "device_status": "killed",
            "hash": "6fbcb3d4f4215fa2c59776de796c155c"
        },
        {
            "date": "290124173913",
            "mission": "GALXONE",
            "device_type": "device_4",
            "device_status": "good",
            "hash": "eb1b779928ded96c92eaf42c4149ef04"
        }
    ]
}