{
    "ORBONE": [
        {
            "date": "290124173817",
            "mission": "ORBONE",
            "device_type": "device_5",
            "device_status": "good",
            "hash": "064bd22080db31ccbe3361a3841b2305"
        },
        {
            "date": "290124173817",
            "mission": "ORBONE",
            "device_type": "device_4",
            "device_status": "unknown",
            "hash": "9e75d22d12d734f7ae50f3656352a8a8"
        },
        {
            "date": "290124173817",
            "mission": "ORBONE",
            "device_type": "device_7",
            "device_status": "unknown",
            "hash": "a2a0c0fb40fddbe396aa4c8933e99189"
        },
        {
            "date": "290124173817",
            "mission": "ORBONE",
            "device_type": "device_10",
            "device_status": "excellent",
            "hash": "90cb0f9c1e8d5b60ce3938df688d9817"
        },
        {
            "date": "290124173817",
            "mission": "ORBONE",
            "device_type": "device_2",
            "device_status": "warning",
            "hash": "c3cb13953dde374d2c916d5731ab31c0"
        },
        {
            "date": "290124173817",
            "mission": "ORBONE",
            "device_type": "device_3",
            "device_status": "excellent",
            "hash": "85ebf0acacbc0bfe689fd3a0ed83a9ef"
        },
        {
            "date": "290124173817",
            "mission": "ORBONE",
            "device_type": "device_1",
            "device_status": "good",
            "hash": "34d400175c967b4150170f551edf8485"
        },
        {
            "date": "290124173817",
            "mission": "ORBONE",
            "device_type": "device_10",
            "device_status": "killed",
            "hash": "4724fc8ff93cfd286b9d3dea36d61ffa"
        },
        {
            "date": "290124173817",
            "mission": "ORBONE",
            "device_type": "device_8",
            "device_status": "warning",
            "hash": "34d1f8ded9247d371029ac7aa3f7a624"
        },
        {
            "date": "290124173817",
            "mission": "ORBONE",
            "device_type": "device_2",
            "device_status": "warning",
            "hash": "c3cb13953dde374d2c916d5731ab31c0"
        },
        {
            "date": "290124173817",
            "mission": "ORBONE",
            "device_type": "device_2",
            "device_status": "unknown",
            "hash": "bf2b3271592f9eac966664ef6371d079"
        },
        {
            "date": "290124173817",
            "mission": "ORBONE",
            "device_type": "device_10",
            "device_status": "excellent",
            "hash": "90cb0f9c1e8d5b60ce3938df688d9817"
        },
        {
            "date": "290124173817",
            "mission": "ORBONE",
            "device_type": "device_5",
            "device_status": "faulty",
            "hash": "e0a4a75e20c487b2c9e3dc2a2d4ab577"
        },
        {
            "date": "290124173817",
            "mission": "ORBONE",
            "device_type": "device_9",
            "device_status": "faulty",
            "hash": "f533c74e7b31e064ce832ee62144cc35"
        },
        {
            "date": "290124173817",
            "mission": "ORBONE",
            "device_type": "device_2",
            "device_status": "killed",
            "hash": "b1bf27639a723f2169dce4308e69e8a6"
        },
        {
            "date": "290124173817",
            "mission": "ORBONE",
            "device_type": "device_1",
            "device_status": "faulty",
            "hash": "088a5929b05bed73899a695b7c31c925"
        },
        {
            "date": "290124173817",
            "mission": "ORBONE",
            "device_type": "device_1",
            "device_status": "warning",
            "hash": "1a1235c04af19945b6982c886ddf2f26"
        },
        {
            "date": "290124173817",
            "mission": "ORBONE",
            "device_type": "device_1",
            "device_status": "unknown",
            "hash": "fb88014ae567a4de8767635ab3fc60aa"
        }
    ]
}