{
    "ORBONE": [
        {
            "date": "290124173913",
            "mission": "ORBONE",
            "device_type": "device_10",
            "device_status": "warning",
            "hash": "8b6a6012ca4d575cec123b581e348bd8"
        },
        {
            "date": "290124173913",
            "mission": "ORBONE",
            "device_type": "device_6",
            "device_status": "faulty",
            "hash": "a974d224cd33eff7eba4223bc88ce2ae"
        },
        {
            "date": "290124173913",
            "mission": "ORBONE",
            "device_type": "device_1",
            "device_status": "excellent",
            "hash": "b2b2c5abab63e4e40e115d8e5836341a"
        },
        {
            "date": "290124173913",
            "mission": "ORBONE",
            "device_type": "device_4",
            "device_status": "killed",
            "hash": "de9a66c7eb2f5dd330cfc0976efc2fd0"
        },
        {
            "date": "290124173913",
            "mission": "ORBONE",
            "device_type": "device_1",
            "device_status": "faulty",
            "hash": "0dbed2c083d5e03cc0579c7a856ab8da"
        },
        {
            "date": "290124173913",
            "mission": "ORBONE",
            "device_type": "device_3",
            "device_status": "warning",
            "hash": "3252f07348c14497dd914c005aa110ad"
        },
        {
            "date": "290124173913",
            "mission": "ORBONE",
            "device_type": "device_4",
            "device_status": "unknown",
            "hash": "3d3c821c787c45cb362f7776c6df0bd4"
        },
        {
            "date": "290124173913",
            "mission": "ORBONE",
            "device_type": "device_10",
            "device_status": "killed",
            "hash": "9754d78fdd35b31172ac83f9922673c5"
        },
        {
            "date": "290124173913",
            "mission": "ORBONE",
            "device_type": "device_8",
            "device_status": "unknown",
            "hash": "1044f7a22f1c970b72efd34a60f06a7c"
        },
        {
            "date": "290124173913",
            "mission": "ORBONE",
            "device_type": "device_4",
            "device_status": "excellent",
            "hash": "d4bd58feac655d89f3294ec569ef61cf"
        },
        {
            "date": "290124173913",
            "mission": "ORBONE",
            "device_type": "device_6",
            "device_status": "good",
            "hash": "1b9e77081afafcaa2e7ee03f564c680d"
        },
        {
            "date": "290124173913",
            "mission": "ORBONE",
            "device_type": "device_8",
            "device_status": "warning",
            "hash": "479b012660bd205f34b243d813ab1d38"
        },
        {
            "date": "290124173913",
            "mission": "ORBONE",
            "device_type": "device_7",
            "device_status": "good",
            "hash": "08e1da122997793fa0bb1ff27fc3e488"
        },
        {
            "date": "290124173913",
            "mission": "ORBONE",
            "device_type": "device_8",
            "device_status": "faulty",
            "hash": "1d1af074053c94a4e7f4367e8a6c53da"
        },
        {
            "date": "290124173913",
            "mission": "ORBONE",
            "device_type": "device_10",
            "device_status": "killed",
            "hash": "9754d78fdd35b31172ac83f9922673c5"
        },
        {
            "date": "290124173913",
            "mission": "ORBONE",
            "device_type": "device_2",
            "device_status": "excellent",
            "hash": "a29d165e4e464d1874a3e485e93922ba"
        },
        {
            "date": "290124173913",
            "mission": "ORBONE",
            "device_type": "device_1",
            "device_status": "unknown",
            "hash": "1aa89e6b519201a250ac511c0f1c12da"
        },
        {
            "date": "290124173913",
            "mission": "ORBONE",
            "device_type": "device_9",
            "device_status": "unknown",
            "hash": "8d6b424dcf6f75d8c1ad65a8fd7847ea"
        },
        {
            "date": "290124173913",
            "mission": "ORBONE",
            "device_type": "device_7",
            "device_status": "unknown",
            "hash": "c1cd7aa2609f63cab164af11882ea625"
        },
        {
            "date": "290124173913",
            "mission": "ORBONE",
            "device_type": "device_2",
            "device_status": "good",
            "hash": "654719f4f09d2b2618e0bd47508d2624"
        },
        {
            "date": "290124173913",
            "mission": "ORBONE",
            "device_type": "device_4",
            "device_status": "warning",
            "hash": "d121be7b416a776aaf2dfab88bf9cac4"
        },
        {
            "date": "290124173913",
            "mission": "ORBONE",
            "device_type": "device_4",
            "device_status": "faulty",
            "hash": "e81bc2423d1c9544567094673ea4671f"
        },
        {
            "date": "290124173913",
            "mission": "ORBONE",
            "device_type": "device_9",
            "device_status": "excellent",
            "hash": "e356f7b3360f2c4d7b3228cf7f482433"
        },
        {
            "date": "290124173913",
            "mission": "ORBONE",
            "device_type": "device_1",
            "device_status": "warning",
            "hash": "2424bd46e618f1a44463f0f233bc904a"
        },
        {
            "date": "290124173913",
            "mission": "ORBONE",
            "device_type": "device_6",
            "device_status": "killed",
            "hash": "c3de30fa3d4cfe74225235bc56fa2e2a"
        },
        {
            "date": "290124173913",
            "mission": "ORBONE",
            "device_type": "device_2",
            "device_status": "faulty",
            "hash": "eb930712f7a78b9bdd1e5983305040bf"
        },
        {
            "date": "290124173913",
            "mission": "ORBONE",
            "device_type": "device_2",
            "device_status": "good",
            "hash": "654719f4f09d2b2618e0bd47508d2624"
        },
        {
            "date": "290124173913",
            "mission": "ORBONE",
            "device_type": "device_4",
            "device_status": "warning",
            "hash": "d121be7b416a776aaf2dfab88bf9cac4"
        },
        {
            "date": "290124173913",
            "mission": "ORBONE",
            "device_type": "device_2",
            "device_status": "good",
            "hash": "654719f4f09d2b2618e0bd47508d2624"
        },
        {
            "date": "290124173913",
            "mission": "ORBONE",
            "device_type": "device_7",
            "device_status": "unknown",
            "hash": "c1cd7aa2609f63cab164af11882ea625"
        }
    ]
}