{
    "ORBONE": [
        {
            "date": "290124173809",
            "mission": "ORBONE",
            "device_type": "device_1",
            "device_status": "excellent",
            "hash": "8f2f2a420039c9896359656f45a935a2"
        },
        {
            "date": "290124173809",
            "mission": "ORBONE",
            "device_type": "device_2",
            "device_status": "warning",
            "hash": "9e2f54beaacc1f54222eb3b2c57c2936"
        },
        {
            "date": "290124173809",
            "mission": "ORBONE",
            "device_type": "device_5",
            "device_status": "killed",
            "hash": "e70e712b02a45cfcfa2a01cbc503dfca"
        },
        {
            "date": "290124173809",
            "mission": "ORBONE",
            "device_type": "device_3",
            "device_status": "excellent",
            "hash": "9eaa913f378a2fcfe9f8072be79ae38e"
        },
        {
            "date": "290124173809",
            "mission": "ORBONE",
            "device_type": "device_2",
            "device_status": "unknown",
            "hash": "52c7305a94fb05a618eea641a884870c"
        },
        {
            "date": "290124173809",
            "mission": "ORBONE",
            "device_type": "device_3",
            "device_status": "warning",
            "hash": "c2d701f6c55caa025eeaa216491bef1f"
        },
        {
            "date": "290124173809",
            "mission": "ORBONE",
            "device_type": "device_5",
            "device_status": "warning",
            "hash": "870b8c0888ab18b9ab5b1ed82bc352c3"
        },
        {
            "date": "290124173809",
            "mission": "ORBONE",
            "device_type": "device_3",
            "device_status": "excellent",
            "hash": "9eaa913f378a2fcfe9f8072be79ae38e"
        },
        {
            "date": "290124173809",
            "mission": "ORBONE",
            "device_type": "device_3",
            "device_status": "good",
            "hash": "5ee72185028eb2e8e0b61254cd62279b"
        },
        {
            "date": "290124173809",
            "mission": "ORBONE",
            "device_type": "device_10",
            "device_status": "good",
            "hash": "29c9b325aaef6a222882cae5a563dda0"
        },
        {
            "date": "290124173809",
            "mission": "ORBONE",
            "device_type": "device_7",
            "device_status": "excellent",
            "hash": "8758883dafec37cdb988d3949541ef18"
        },
        {
            "date": "290124173809",
            "mission": "ORBONE",
            "device_type": "device_9",
            "device_status": "good",
            "hash": "6569499a4fe4aa2c10821b84b0e37137"
        },
        {
            "date": "290124173809",
            "mission": "ORBONE",
            "device_type": "device_7",
            "device_status": "unknown",
            "hash": "3ffa1364c91bb8c92662839b2e8638da"
        },
        {
            "date": "290124173809",
            "mission": "ORBONE",
            "device_type": "device_9",
            "device_status": "killed",
            "hash": "5e83308556e7141d1797f722836edc1e"
        },
        {
            "date": "290124173809",
            "mission": "ORBONE",
            "device_type": "device_4",
            "device_status": "killed",
            "hash": "5ebc5346d201b509f8cfd9bc9a9d80ee"
        },
        {
            "date": "290124173809",
            "mission": "ORBONE",
            "device_type": "device_7",
            "device_status": "faulty",
            "hash": "605cd4bdc8a77980d14f465f22840dd4"
        },
        {
            "date": "290124173809",
            "mission": "ORBONE",
            "device_type": "device_7",
            "device_status": "excellent",
            "hash": "8758883dafec37cdb988d3949541ef18"
        },
        {
            "date": "290124173809",
            "mission": "ORBONE",
            "device_type": "device_5",
            "device_status": "unknown",
            "hash": "0c3bb028b036543ec757f0569907bc5e"
        },
        {
            "date": "290124173809",
            "mission": "ORBONE",
            "device_type": "device_2",
            "device_status": "warning",
            "hash": "9e2f54beaacc1f54222eb3b2c57c2936"
        },
        {
            "date": "290124173809",
            "mission": "ORBONE",
            "device_type": "device_1",
            "device_status": "warning",
            "hash": "0b9bf301ac9d847a0edc735641b3da2d"
        },
        {
            "date": "290124173809",
            "mission": "ORBONE",
            "device_type": "device_8",
            "device_status": "warning",
            "hash": "b74168dbaf5718039b3e13c850cef6a9"
        },
        {
            "date": "290124173809",
            "mission": "ORBONE",
            "device_type": "device_5",
            "device_status": "excellent",
            "hash": "50e2ba4edf8650aa393504e90f264e5e"
        },
        {
            "date": "290124173809",
            "mission": "ORBONE",
            "device_type": "device_1",
            "device_status": "good",
            "hash": "d522bf3bb1671ee0e75227cf52b4066a"
        },
        {
            "date": "290124173809",
            "mission": "ORBONE",
            "device_type": "device_4",
            "device_status": "faulty",
            "hash": "82c0ee3768b9e2971b3c827bcc00a875"
        },
        {
            "date": "290124173809",
            "mission": "ORBONE",
            "device_type": "device_3",
            "device_status": "killed",
            "hash": "96798054bc2d0103d81a196f2bf27e93"
        }
    ]
}