{
    "ORBONE": [
        {
            "date": "290124173833",
            "mission": "ORBONE",
            "device_type": "device_3",
            "device_status": "faulty",
            "hash": "066b04828751eeb3af58bc721e0c2973"
        },
        {
            "date": "290124173833",
            "mission": "ORBONE",
            "device_type": "device_1",
            "device_status": "good",
            "hash": "c994e0fc6a4a41346532e6d4ce74a36a"
        },
        {
            "date": "290124173833",
            "mission": "ORBONE",
            "device_type": "device_8",
            "device_status": "killed",
            "hash": "ceefb4d8d587110331c438c180c434fa"
        },
        {
            "date": "290124173833",
            "mission": "ORBONE",
            "device_type": "device_5",
            "device_status": "unknown",
            "hash": "1e74fac237fbda45a6b7d715f6496943"
        },
        {
            "date": "290124173833",
            "mission": "ORBONE",
            "device_type": "device_9",
            "device_status": "unknown",
            "hash": "6044d0b9844e0e912bc16466ad3617a8"
        },
        {
            "date": "290124173833",
            "mission": "ORBONE",
            "device_type": "device_10",
            "device_status": "killed",
            "hash": "c652cd9cedf7e9e1a0caceea33ccb6a7"
        },
        {
            "date": "290124173833",
            "mission": "ORBONE",
            "device_type": "device_6",
            "device_status": "unknown",
            "hash": "daf9c86c51214d7b6b49cb5e5d51cd9f"
        },
        {
            "date": "290124173833",
            "mission": "ORBONE",
            "device_type": "device_6",
            "device_status": "killed",
            "hash": "90e846952af3ddab30512aef80bafab1"
        },
        {
            "date": "290124173833",
            "mission": "ORBONE",
            "device_type": "device_4",
            "device_status": "warning",
            "hash": "ee7036bf736098a59424a83ed9b9e44d"
        },
        {
            "date": "290124173833",
            "mission": "ORBONE",
            "device_type": "device_7",
            "device_status": "killed",
            "hash": "928a5b33ac1d975eb5fafb03ddfcbc19"
        },
        {
            "date": "290124173833",
            "mission": "ORBONE",
            "device_type": "device_5",
            "device_status": "killed",
            "hash": "90426716964dccb612bab1feb89be661"
        },
        {
            "date": "290124173833",
            "mission": "ORBONE",
            "device_type": "device_10",
            "device_status": "good",
            "hash": "4fcb7c525cd7f40a1ece5caa15a66d61"
        },
        {
            "date": "290124173833",
            "mission": "ORBONE",
            "device_type": "device_6",
            "device_status": "unknown",
            "hash": "daf9c86c51214d7b6b49cb5e5d51cd9f"
        },
        {
            "date": "290124173833",
            "mission": "ORBONE",
            "device_type": "device_10",
            "device_status": "killed",
            "hash": "c652cd9cedf7e9e1a0caceea33ccb6a7"
        },
        {
            "date": "290124173833",
            "mission": "ORBONE",
            "device_type": "device_7",
            "device_status": "killed",
            "hash": "928a5b33ac1d975eb5fafb03ddfcbc19"
        },
        {
            "date": "290124173833",
            "mission": "ORBONE",
            "device_type": "device_9",
            "device_status": "unknown",
            "hash": "6044d0b9844e0e912bc16466ad3617a8"
        },
        {
            "date": "290124173833",
            "mission": "ORBONE",
            "device_type": "device_6",
            "device_status": "killed",
            "hash": "90e846952af3ddab30512aef80bafab1"
        },
        {
            "date": "290124173833",
            "mission": "ORBONE",
            "device_type": "device_3",
            "device_status": "unknown",
            "hash": "982e7718aebe3d0fb568e85a0b9a66eb"
        },
        {
            "date": "290124173833",
            "mission": "ORBONE",
            "device_type": "device_6",
            "device_status": "warning",
            "hash": "86b618b1ac9054eaf6b9e5cef82f7b6c"
        },
        {
            "date": "290124173833",
            "mission": "ORBONE",
            "device_type": "device_8",
            "device_status": "good",
            "hash": "0420931b1b8b9810fafdab29f4599ff9"
        },
        {
            "date": "290124173833",
            "mission": "ORBONE",
            "device_type": "device_10",
            "device_status": "good",
            "hash": "4fcb7c525cd7f40a1ece5caa15a66d61"
        }
    ]
}