{
    "ORBONE": [
        {
            "date": "290124173841",
            "mission": "ORBONE",
            "device_type": "device_5",
            "device_status": "good",
            "hash": "ef9f0430d4c18539da569a3c21c63ae6"
        },
        {
            "date": "290124173841",
            "mission": "ORBONE",
            "device_type": "device_2",
            "device_status": "unknown",
            "hash": "b8155f42731af503c0f63890d2ac5c9c"
        },
        {
            "date": "290124173841",
            "mission": "ORBONE",
            "device_type": "device_1",
            "device_status": "unknown",
            "hash": "52dd1d772eb62efe5a6e744a3e81389b"
        },
        {
            "date": "290124173841",
            "mission": "ORBONE",
            "device_type": "device_4",
            "device_status": "unknown",
            "hash": "7921557ca2ca275a3aa42f18533f9095"
        },
        {
            "date": "290124173841",
            "mission": "ORBONE",
            "device_type": "device_7",
            "device_status": "excellent",
            "hash": "b0d9aaa457e34db1ef40241e4478e1d7"
        },
        {
            "date": "290124173841",
            "mission": "ORBONE",
            "device_type": "device_1",
            "device_status": "unknown",
            "hash": "52dd1d772eb62efe5a6e744a3e81389b"
        },
        {
            "date": "290124173841",
            "mission": "ORBONE",
            "device_type": "device_8",
            "device_status": "good",
            "hash": "e9c726dad4df51bbb9fd2936a7d13215"
        },
        {
            "date": "290124173841",
            "mission": "ORBONE",
            "device_type": "device_2",
            "device_status": "killed",
            "hash": "7a37e5e74f22dcce49f3b936c2958e35"
        },
        {
            "date": "290124173841",
            "mission": "ORBONE",
            "device_type": "device_8",
            "device_status": "warning",
            "hash": "f7b2ac9c3a8123a5a5458f4288b4e18c"
        },
        {
            "date": "290124173841",
            "mission": "ORBONE",
            "device_type": "device_3",
            "device_status": "warning",
            "hash": "ddbbe1e53b61341be6626e8785d7541c"
        },
        {
            "date": "290124173841",
            "mission": "ORBONE",
            "device_type": "device_2",
            "device_status": "unknown",
            "hash": "b8155f42731af503c0f63890d2ac5c9c"
        },
        {
            "date": "290124173841",
            "mission": "ORBONE",
            "device_type": "device_2",
            "device_status": "warning",
            "hash": "97d7ed33aa38458c19de71b5c31debfe"
        },
        {
            "date": "290124173841",
            "mission": "ORBONE",
            "device_type": "device_4",
            "device_status": "faulty",
            "hash": "658beffaf0aafa853170c03edcba9ff4"
        },
        {
            "date": "290124173841",
            "mission": "ORBONE",
            "device_type": "device_6",
            "device_status": "warning",
            "hash": "269d5dad27ea178183616f00d0747ab6"
        },
        {
            "date": "290124173841",
            "mission": "ORBONE",
            "device_type": "device_6",
            "device_status": "excellent",
            "hash": "e974c688daf3614250bf12dde498bd50"
        },
        {
            "date": "290124173841",
            "mission": "ORBONE",
            "device_type": "device_4",
            "device_status": "unknown",
            "hash": "7921557ca2ca275a3aa42f18533f9095"
        },
        {
            "date": "290124173841",
            "mission": "ORBONE",
            "device_type": "device_10",
            "device_status": "excellent",
            "hash": "eeb89098fbf6789bb182750d360d6adc"
        },
        {
            "date": "290124173841",
            "mission": "ORBONE",
            "device_type": "device_9",
            "device_status": "good",
            "hash": "2a5132cdbdaae75172ffc322f9adb652"
        },
        {
            "date": "290124173841",
            "mission": "ORBONE",
            "device_type": "device_7",
            "device_status": "killed",
            "hash": "6c90f449f5043d8386ec5f3079b7e008"
        }
    ]
}