{
    "ORBONE": [
        {
            "date": "290124173857",
            "mission": "ORBONE",
            "device_type": "device_1",
            "device_status": "warning",
            "hash": "ddb130087bb13b9d01b22f12866a409f"
        },
        {
            "date": "290124173857",
            "mission": "ORBONE",
            "device_type": "device_1",
            "device_status": "unknown",
            "hash": "865b5e44cd556c30fd4e7cb5bb191cef"
        },
        {
            "date": "290124173857",
            "mission": "ORBONE",
            "device_type": "device_1",
            "device_status": "killed",
            "hash": "20a0eac72466358bfc6cbf14451981bc"
        },
        {
            "date": "290124173857",
            "mission": "ORBONE",
            "device_type": "device_5",
            "device_status": "warning",
            "hash": "1509924eff57ae80ba0de445eda74646"
        },
        {
            "date": "290124173857",
            "mission": "ORBONE",
            "device_type": "device_2",
            "device_status": "killed",
            "hash": "e661b4bdba2d57c725c50bc278670b58"
        },
        {
            "date": "290124173857",
            "mission": "ORBONE",
            "device_type": "device_5",
            "device_status": "warning",
            "hash": "1509924eff57ae80ba0de445eda74646"
        },
        {
            "date": "290124173857",
            "mission": "ORBONE",
            "device_type": "device_1",
            "device_status": "unknown",
            "hash": "865b5e44cd556c30fd4e7cb5bb191cef"
        },
        {
            "date": "290124173857",
            "mission": "ORBONE",
            "device_type": "device_2",
            "device_status": "excellent",
            "hash": "ec9e28075f513198d344fa2ce7c144d1"
        },
        {
            "date": "290124173857",
            "mission": "ORBONE",
            "device_type": "device_3",
            "device_status": "killed",
            "hash": "a0661999a2d5058d0984de8315acf5db"
        },
        {
            "date": "290124173857",
            "mission": "ORBONE",
            "device_type": "device_7",
            "device_status": "unknown",
            "hash": "0cc57d4903a1c6840f9a8860cc9272ac"
        },
        {
            "date": "290124173857",
            "mission": "ORBONE",
            "device_type": "device_9",
            "device_status": "unknown",
            "hash": "abac8e9935855bd5dbdb6b06cb29ad31"
        },
        {
            "date": "290124173857",
            "mission": "ORBONE",
            "device_type": "device_5",
            "device_status": "excellent",
            "hash": "bb211d465ee5447dd22b81cb98d46887"
        },
        {
            "date": "290124173857",
            "mission": "ORBONE",
            "device_type": "device_7",
            "device_status": "killed",
            "hash": "b1e18f253f0d4a079d13d9a98395efab"
        },
        {
            "date": "290124173857",
            "mission": "ORBONE",
            "device_type": "device_7",
            "device_status": "good",
            "hash": "ebde27a0178ba827a58c14969f8442b1"
        },
        {
            "date": "290124173857",
            "mission": "ORBONE",
            "device_type": "device_4",
            "device_status": "excellent",
            "hash": "8672bfafb5d38803203ee06e0600fc7a"
        },
        {
            "date": "290124173857",
            "mission": "ORBONE",
            "device_type": "device_8",
            "device_status": "warning",
            "hash": "940a25f6cbfa445cbfcb4997daeff456"
        },
        {
            "date": "290124173857",
            "mission": "ORBONE",
            "device_type": "device_10",
            "device_status": "unknown",
            "hash": "bf8e056795c11e8e2d1042d950c5498f"
        },
        {
            "date": "290124173857",
            "mission": "ORBONE",
            "device_type": "device_4",
            "device_status": "killed",
            "hash": "bc2934ce39e3f449afce81ac17a659d4"
        },
        {
            "date": "290124173857",
            "mission": "ORBONE",
            "device_type": "device_10",
            "device_status": "warning",
            "hash": "2c56528475e8820441fca71b2f063068"
        },
        {
            "date": "290124173857",
            "mission": "ORBONE",
            "device_type": "device_5",
            "device_status": "killed",
            "hash": "e4e29d105698b94725ac87291136f306"
        },
        {
            "date": "290124173857",
            "mission": "ORBONE",
            "device_type": "device_8",
            "device_status": "unknown",
            "hash": "c1eabb4b5966aef89b7da99d686e0a7b"
        },
        {
            "date": "290124173857",
            "mission": "ORBONE",
            "device_type": "device_7",
            "device_status": "killed",
            "hash": "b1e18f253f0d4a079d13d9a98395efab"
        },
        {
            "date": "290124173857",
            "mission": "ORBONE",
            "device_type": "device_1",
            "device_status": "faulty",
            "hash": "6ab69065b5388d767707b990aa127ee0"
        },
        {
            "date": "290124173857",
            "mission": "ORBONE",
            "device_type": "device_9",
            "device_status": "warning",
            "hash": "52aa94bf34fd28df0b6e0de07286b84a"
        }
    ]
}