{
    "ORBONE": [
        {
            "date": "290124173849",
            "mission": "ORBONE",
            "device_type": "device_8",
            "device_status": "warning",
            "hash": "ecd7c8ca96477a63b0c3607f462b91a0"
        },
        {
            "date": "290124173849",
            "mission": "ORBONE",
            "device_type": "device_8",
            "device_status": "excellent",
            "hash": "6dce7156350f03bffc71e8e852f8437f"
        },
        {
            "date": "290124173849",
            "mission": "ORBONE",
            "device_type": "device_8",
            "device_status": "unknown",
            "hash": "e56fee2a4f292c380c76305a389736c2"
        },
        {
            "date": "290124173849",
            "mission": "ORBONE",
            "device_type": "device_3",
            "device_status": "good",
            "hash": "6293a4e3c1068c1437181cbb046b0d5b"
        },
        {
            "date": "290124173849",
            "mission": "ORBONE",
            "device_type": "device_7",
            "device_status": "good",
            "hash": "cab32728957ba6bf6736ae649d41240e"
        },
        {
            "date": "290124173849",
            "mission": "ORBONE",
            "device_type": "device_8",
            "device_status": "unknown",
            "hash": "e56fee2a4f292c380c76305a389736c2"
        },
        {
            "date": "290124173849",
            "mission": "ORBONE",
            "device_type": "device_3",
            "device_status": "faulty",
            "hash": "1c46ffbd1607cdbd0d88844016334534"
        },
        {
            "date": "290124173849",
            "mission": "ORBONE",
            "device_type": "device_2",
            "device_status": "faulty",
            "hash": "57a452de3cec8cd54b9b8ecc537c0f30"
        },
        {
            "date": "290124173849",
            "mission": "ORBONE",
            "device_type": "device_7",
            "device_status": "excellent",
            "hash": "1687d1b733639dcf8897e3119c3aa7e5"
        },
        {
            "date": "290124173849",
            "mission": "ORBONE",
            "device_type": "device_7",
            "device_status": "unknown",
            "hash": "c9c1f3b0e9094c772de3b51775cffa39"
        },
        {
            "date": "290124173849",
            "mission": "ORBONE",
            "device_type": "device_10",
            "device_status": "killed",
            "hash": "5c1d61e7be3aac193c47c743112a76ca"
        },
        {
            "date": "290124173849",
            "mission": "ORBONE",
            "device_type": "device_6",
            "device_status": "faulty",
            "hash": "0bc0a44a81991bf3c08273fea4fda180"
        }
    ]
}