{
    "ORBONE": [
        {
            "date": "290124173905",
            "mission": "ORBONE",
            "device_type": "device_8",
            "device_status": "unknown",
            "hash": "715c81ba5190d4415be8bb0e34163a4f"
        },
        {
            "date": "290124173905",
            "mission": "ORBONE",
            "device_type": "device_6",
            "device_status": "faulty",
            "hash": "4a7b29672eabac25c234193761669697"
        },
        {
            "date": "290124173905",
            "mission": "ORBONE",
            "device_type": "device_9",
            "device_status": "warning",
            "hash": "843795de30333d70a32540df83946c1c"
        },
        {
            "date": "290124173905",
            "mission": "ORBONE",
            "device_type": "device_6",
            "device_status": "faulty",
            "hash": "4a7b29672eabac25c234193761669697"
        },
        {
            "date": "290124173905",
            "mission": "ORBONE",
            "device_type": "device_2",
            "device_status": "faulty",
            "hash": "7085d854ab12bc78759fc58715a20cb2"
        },
        {
            "date": "290124173905",
            "mission": "ORBONE",
            "device_type": "device_4",
            "device_status": "good",
            "hash": "515adbd7b6689b16aa326d70f1265186"
        },
        {
            "date": "290124173905",
            "mission": "ORBONE",
            "device_type": "device_9",
            "device_status": "faulty",
            "hash": "0f4270208fb4ed4181e3ffe256de0cc0"
        },
        {
            "date": "290124173905",
            "mission": "ORBONE",
            "device_type": "device_5",
            "device_status": "killed",
            "hash": "313c686f366e544d70dfc14a6dc19da3"
        },
        {
            "date": "290124173905",
            "mission": "ORBONE",
            "device_type": "device_7",
            "device_status": "warning",
            "hash": "a25c6ab5a3484a86ac091bcd7fb5166f"
        },
        {
            "date": "290124173905",
            "mission": "ORBONE",
            "device_type": "device_1",
            "device_status": "warning",
            "hash": "ce158632eedee874714b36df905425ba"
        },
        {
            "date": "290124173905",
            "mission": "ORBONE",
            "device_type": "device_7",
            "device_status": "unknown",
            "hash": "700dbaa255bdab2a0e0e3a6884238adf"
        }
    ]
}