{
    "ORBONE": [
        {
            "date": "290124173825",
            "mission": "ORBONE",
            "device_type": "device_10",
            "device_status": "faulty",
            "hash": "f9d3ab18848672ab6cb781091793b72d"
        },
        {
            "date": "290124173825",
            "mission": "ORBONE",
            "device_type": "device_7",
            "device_status": "good",
            "hash": "4d06cdca313395b7482bb883f2ca4172"
        },
        {
            "date": "290124173825",
            "mission": "ORBONE",
            "device_type": "device_3",
            "device_status": "faulty",
            "hash": "19f5bb1f6570faf9dbd1deba545def0a"
        },
        {
            "date": "290124173825",
            "mission": "ORBONE",
            "device_type": "device_7",
            "device_status": "unknown",
            "hash": "1b699f6ed75ca7929bd950c14b7e44cb"
        },
        {
            "date": "290124173825",
            "mission": "ORBONE",
            "device_type": "device_9",
            "device_status": "unknown",
            "hash": "bd5dd43079f2b63136465a3668b8fcec"
        },
        {
            "date": "290124173825",
            "mission": "ORBONE",
            "device_type": "device_4",
            "device_status": "good",
            "hash": "7f8ece40ba5e4c68716da750351628a9"
        },
        {
            "date": "290124173825",
            "mission": "ORBONE",
            "device_type": "device_10",
            "device_status": "unknown",
            "hash": "d69a76cdf42ebe3a1f91cb45262de7e0"
        },
        {
            "date": "290124173825",
            "mission": "ORBONE",
            "device_type": "device_9",
            "device_status": "good",
            "hash": "e992c89d9d46dbd3055d6658662539df"
        },
        {
            "date": "290124173825",
            "mission": "ORBONE",
            "device_type": "device_9",
            "device_status": "killed",
            "hash": "2da87cd394f8878d1fc3562d63f2c718"
        },
        {
            "date": "290124173825",
            "mission": "ORBONE",
            "device_type": "device_6",
            "device_status": "excellent",
            "hash": "5627fb3ba7051465affc70c00e734730"
        }
    ]
}