{
    "TMRS": [
        {
            "date": "290124173913",
            "mission": "TMRS",
            "device_type": "device_3",
            "device_status": "unknown",
            "hash": "7daad9a6541b955d8ca516b9b33c38d9"
        },
        {
            "date": "290124173913",
            "mission": "TMRS",
            "device_type": "device_2",
            "device_status": "faulty",
            "hash": "d8e877813370dbe541cd88f3abbb9549"
        },
        {
            "date": "290124173913",
            "mission": "TMRS",
            "device_type": "device_4",
            "device_status": "faulty",
            "hash": "05a87456efd9f8f5afca8a7abe6645fe"
        },
        {
            "date": "290124173913",
            "mission": "TMRS",
            "device_type": "device_2",
            "device_status": "good",
            "hash": "13a4573cfd12730508d6de714a2585b9"
        },
        {
            "date": "290124173913",
            "mission": "TMRS",
            "device_type": "device_8",
            "device_status": "unknown",
            "hash": "0b6dc473093a7674d8990c2ddc077938"
        },
        {
            "date": "290124173913",
            "mission": "TMRS",
            "device_type": "device_5",
            "device_status": "excellent",
            "hash": "bb154d5b46d0a4e9979669009e8c50f3"
        },
        {
            "date": "290124173913",
            "mission": "TMRS",
            "device_type": "device_10",
            "device_status": "faulty",
            "hash": "811beb65018a94e4792fcf90dd80c8dc"
        },
        {
            "date": "290124173913",
            "mission": "TMRS",
            "device_type": "device_2",
            "device_status": "killed",
            "hash": "0e3e574913efc33455e9ac89a2ec69f1"
        },
        {
            "date": "290124173913",
            "mission": "TMRS",
            "device_type": "device_7",
            "device_status": "killed",
            "hash": "3378cb16210c7328f68c799571b5a5b6"
        },
        {
            "date": "290124173913",
            "mission": "TMRS",
            "device_type": "device_2",
            "device_status": "faulty",
            "hash": "d8e877813370dbe541cd88f3abbb9549"
        },
        {
            "date": "290124173913",
            "mission": "TMRS",
            "device_type": "device_7",
            "device_status": "unknown",
            "hash": "6cd76d334ff4e28bdf301db8e91add1c"
        },
        {
            "date": "290124173913",
            "mission": "TMRS",
            "device_type": "device_2",
            "device_status": "good",
            "hash": "13a4573cfd12730508d6de714a2585b9"
        },
        {
            "date": "290124173913",
            "mission": "TMRS",
            "device_type": "device_6",
            "device_status": "unknown",
            "hash": "a41abe51777663c2c7cac5cea6276486"
        },
        {
            "date": "290124173913",
            "mission": "TMRS",
            "device_type": "device_3",
            "device_status": "unknown",
            "hash": "7daad9a6541b955d8ca516b9b33c38d9"
        },
        {
            "date": "290124173913",
            "mission": "TMRS",
            "device_type": "device_8",
            "device_status": "unknown",
            "hash": "0b6dc473093a7674d8990c2ddc077938"
        },
        {
            "date": "290124173913",
            "mission": "TMRS",
            "device_type": "device_1",
            "device_status": "faulty",
            "hash": "8dd20b180135a071ef74c31e06c62e1c"
        },
        {
            "date": "290124173913",
            "mission": "TMRS",
            "device_type": "device_1",
            "device_status": "good",
            "hash": "08f2b0d3da1a1dee1531af48ab967d6e"
        },
        {
            "date": "290124173913",
            "mission": "TMRS",
            "device_type": "device_10",
            "device_status": "warning",
            "hash": "382028af35a2f014c0fc4a91431ae44f"
        },
        {
            "date": "290124173913",
            "mission": "TMRS",
            "device_type": "device_8",
            "device_status": "unknown",
            "hash": "0b6dc473093a7674d8990c2ddc077938"
        }
    ]
}