{
    "TMRS": [
        {
            "date": "290124173833",
            "mission": "TMRS",
            "device_type": "device_10",
            "device_status": "killed",
            "hash": "e14ded6d576fc893f01123593015597a"
        },
        {
            "date": "290124173833",
            "mission": "TMRS",
            "device_type": "device_10",
            "device_status": "good",
            "hash": "07a5ec6cdbc7914fb4ebdea67079471d"
        },
        {
            "date": "290124173833",
            "mission": "TMRS",
            "device_type": "device_6",
            "device_status": "faulty",
            "hash": "fff00236c2535d8a8ff3034ee0eb88bf"
        },
        {
            "date": "290124173833",
            "mission": "TMRS",
            "device_type": "device_5",
            "device_status": "warning",
            "hash": "5886494fcb2942caa4d671e7336fc221"
        },
        {
            "date": "290124173833",
            "mission": "TMRS",
            "device_type": "device_2",
            "device_status": "killed",
            "hash": "4351f896b9cc39bae4d5328c2447ecf0"
        },
        {
            "date": "290124173833",
            "mission": "TMRS",
            "device_type": "device_5",
            "device_status": "killed",
            "hash": "4bccff26df9f0af749c8d69f568a50b8"
        },
        {
            "date": "290124173833",
            "mission": "TMRS",
            "device_type": "device_6",
            "device_status": "good",
            "hash": "1132405bbe2b53c9371c369c8af0e749"
        },
        {
            "date": "290124173833",
            "mission": "TMRS",
            "device_type": "device_9",
            "device_status": "excellent",
            "hash": "84d590ee55eae761878b603026028135"
        },
        {
            "date": "290124173833",
            "mission": "TMRS",
            "device_type": "device_1",
            "device_status": "warning",
            "hash": "340cf34035ce7b814d1e95fdc6f9489b"
        },
        {
            "date": "290124173833",
            "mission": "TMRS",
            "device_type": "device_5",
            "device_status": "faulty",
            "hash": "eed4dff846ca2f28557c4d8298590b07"
        },
        {
            "date": "290124173833",
            "mission": "TMRS",
            "device_type": "device_2",
            "device_status": "killed",
            "hash": "4351f896b9cc39bae4d5328c2447ecf0"
        },
        {
            "date": "290124173833",
            "mission": "TMRS",
            "device_type": "device_7",
            "device_status": "faulty",
            "hash": "471f39f6dfed8a15ed8bafa21f68bcc8"
        },
        {
            "date": "290124173833",
            "mission": "TMRS",
            "device_type": "device_2",
            "device_status": "excellent",
            "hash": "91b6562cee1c34038f60c0b7d43b992b"
        }
    ]
}