{
    "TMRS": [
        {
            "date": "290124173841",
            "mission": "TMRS",
            "device_type": "device_4",
            "device_status": "warning",
            "hash": "bf920b93b480194550df5d29a351cf7d"
        },
        {
            "date": "290124173841",
            "mission": "TMRS",
            "device_type": "device_5",
            "device_status": "good",
            "hash": "0f611ff239ddb8841cb274ed9848f8df"
        },
        {
            "date": "290124173841",
            "mission": "TMRS",
            "device_type": "device_4",
            "device_status": "warning",
            "hash": "bf920b93b480194550df5d29a351cf7d"
        },
        {
            "date": "290124173841",
            "mission": "TMRS",
            "device_type": "device_9",
            "device_status": "excellent",
            "hash": "42b3aebd5975bd3332afebc6956b3541"
        },
        {
            "date": "290124173841",
            "mission": "TMRS",
            "device_type": "device_2",
            "device_status": "good",
            "hash": "f5a119f021957b8b491dfba64e24e1a1"
        },
        {
            "date": "290124173841",
            "mission": "TMRS",
            "device_type": "device_2",
            "device_status": "unknown",
            "hash": "20107f66c48575e21937329ee0f424b0"
        },
        {
            "date": "290124173841",
            "mission": "TMRS",
            "device_type": "device_2",
            "device_status": "faulty",
            "hash": "bf2f1ad61e53d0d1834c59715b19a2ed"
        },
        {
            "date": "290124173841",
            "mission": "TMRS",
            "device_type": "device_3",
            "device_status": "excellent",
            "hash": "a2f2c107c74201eb759a3ec4296ef3f3"
        },
        {
            "date": "290124173841",
            "mission": "TMRS",
            "device_type": "device_5",
            "device_status": "unknown",
            "hash": "ca6446d444aa3277f69d37adfe11ca26"
        }
    ]
}