{
    "TMRS": [
        {
            "date": "290124173849",
            "mission": "TMRS",
            "device_type": "device_6",
            "device_status": "faulty",
            "hash": "23d958543310f870430414a64001c0b8"
        },
        {
            "date": "290124173849",
            "mission": "TMRS",
            "device_type": "device_2",
            "device_status": "good",
            "hash": "77e8ae3eba46bfff5874803242b2a078"
        },
        {
            "date": "290124173849",
            "mission": "TMRS",
            "device_type": "device_10",
            "device_status": "killed",
            "hash": "73011b81b4e046e17a51a4ad660d9db0"
        },
        {
            "date": "290124173849",
            "mission": "TMRS",
            "device_type": "device_6",
            "device_status": "faulty",
            "hash": "23d958543310f870430414a64001c0b8"
        },
        {
            "date": "290124173849",
            "mission": "TMRS",
            "device_type": "device_4",
            "device_status": "killed",
            "hash": "05d42210f4ce3fe20c5cdcb5c63a3983"
        },
        {
            "date": "290124173849",
            "mission": "TMRS",
            "device_type": "device_9",
            "device_status": "excellent",
            "hash": "5c973631b9e09221db22e63e7df5ae5c"
        },
        {
            "date": "290124173849",
            "mission": "TMRS",
            "device_type": "device_2",
            "device_status": "unknown",
            "hash": "14acf73d818eb2d57e34b30a773ee0b2"
        },
        {
            "date": "290124173849",
            "mission": "TMRS",
            "device_type": "device_5",
            "device_status": "faulty",
            "hash": "c8f61af6f338ff439e7d3af74ef38453"
        },
        {
            "date": "290124173849",
            "mission": "TMRS",
            "device_type": "device_2",
            "device_status": "excellent",
            "hash": "e6430b9024ac8ed1921cd24bc9ecb1ce"
        },
        {
            "date": "290124173849",
            "mission": "TMRS",
            "device_type": "device_7",
            "device_status": "warning",
            "hash": "4e020029167c7e6b1516f863f70c2838"
        },
        {
            "date": "290124173849",
            "mission": "TMRS",
            "device_type": "device_8",
            "device_status": "faulty",
            "hash": "237beed832de6b9d2773403b3432bcf9"
        },
        {
            "date": "290124173849",
            "mission": "TMRS",
            "device_type": "device_8",
            "device_status": "unknown",
            "hash": "b47d439aa09332cb159ebb0e268b3a46"
        },
        {
            "date": "290124173849",
            "mission": "TMRS",
            "device_type": "device_9",
            "device_status": "excellent",
            "hash": "5c973631b9e09221db22e63e7df5ae5c"
        },
        {
            "date": "290124173849",
            "mission": "TMRS",
            "device_type": "device_9",
            "device_status": "excellent",
            "hash": "5c973631b9e09221db22e63e7df5ae5c"
        },
        {
            "date": "290124173849",
            "mission": "TMRS",
            "device_type": "device_1",
            "device_status": "killed",
            "hash": "76b428336a5e4f342ad3aefbf9134418"
        },
        {
            "date": "290124173849",
            "mission": "TMRS",
            "device_type": "device_4",
            "device_status": "killed",
            "hash": "05d42210f4ce3fe20c5cdcb5c63a3983"
        },
        {
            "date": "290124173849",
            "mission": "TMRS",
            "device_type": "device_10",
            "device_status": "faulty",
            "hash": "96c5d8a05d98bd6d0e5c459e3ef03a79"
        },
        {
            "date": "290124173849",
            "mission": "TMRS",
            "device_type": "device_9",
            "device_status": "killed",
            "hash": "3c1ff7d7c61cbc2ec8ef1208e1061b53"
        }
    ]
}