{
    "TMRS": [
        {
            "date": "290124173825",
            "mission": "TMRS",
            "device_type": "device_7",
            "device_status": "warning",
            "hash": "40872781cc03ef4b99b980a8c9a03b3d"
        },
        {
            "date": "290124173825",
            "mission": "TMRS",
            "device_type": "device_7",
            "device_status": "faulty",
            "hash": "a826d7051150253dea0d5a59b3d056d7"
        },
        {
            "date": "290124173825",
            "mission": "TMRS",
            "device_type": "device_4",
            "device_status": "excellent",
            "hash": "23e0615e1f4a0927e1317106bafce9a1"
        },
        {
            "date": "290124173825",
            "mission": "TMRS",
            "device_type": "device_9",
            "device_status": "unknown",
            "hash": "e7c71ad99515c573343b8ab984885e1f"
        },
        {
            "date": "290124173825",
            "mission": "TMRS",
            "device_type": "device_10",
            "device_status": "killed",
            "hash": "6922d99b93bbf1fd7d59c2ee45fa1abf"
        },
        {
            "date": "290124173825",
            "mission": "TMRS",
            "device_type": "device_6",
            "device_status": "faulty",
            "hash": "1981edd679fc2ac2d5249409c306326c"
        },
        {
            "date": "290124173825",
            "mission": "TMRS",
            "device_type": "device_4",
            "device_status": "excellent",
            "hash": "23e0615e1f4a0927e1317106bafce9a1"
        },
        {
            "date": "290124173825",
            "mission": "TMRS",
            "device_type": "device_9",
            "device_status": "unknown",
            "hash": "e7c71ad99515c573343b8ab984885e1f"
        },
        {
            "date": "290124173825",
            "mission": "TMRS",
            "device_type": "device_6",
            "device_status": "good",
            "hash": "e758178688316c3b658592c39622869b"
        },
        {
            "date": "290124173825",
            "mission": "TMRS",
            "device_type": "device_7",
            "device_status": "warning",
            "hash": "40872781cc03ef4b99b980a8c9a03b3d"
        },
        {
            "date": "290124173825",
            "mission": "TMRS",
            "device_type": "device_6",
            "device_status": "warning",
            "hash": "f90b72b3def5141626234bf3605ff383"
        },
        {
            "date": "290124173825",
            "mission": "TMRS",
            "device_type": "device_3",
            "device_status": "killed",
            "hash": "ffa1f2c44e46bea9cdd7204432047f0d"
        }
    ]
}