{
    "TMRS": [
        {
            "date": "290124173817",
            "mission": "TMRS",
            "device_type": "device_3",
            "device_status": "unknown",
            "hash": "29ae91b44b383b7620fd9cda69d87a22"
        },
        {
            "date": "290124173817",
            "mission": "TMRS",
            "device_type": "device_10",
            "device_status": "unknown",
            "hash": "6c7728cebe36ca2bc5ad7fb0bde87e70"
        },
        {
            "date": "290124173817",
            "mission": "TMRS",
            "device_type": "device_2",
            "device_status": "killed",
            "hash": "8adf855360b0865667859b2017673b69"
        },
        {
            "date": "290124173817",
            "mission": "TMRS",
            "device_type": "device_9",
            "device_status": "warning",
            "hash": "7ea37da8d6872f48cb09fdeccf42b673"
        },
        {
            "date": "290124173817",
            "mission": "TMRS",
            "device_type": "device_8",
            "device_status": "faulty",
            "hash": "72484d28746a8c3fcf25ae05bece2b97"
        },
        {
            "date": "290124173817",
            "mission": "TMRS",
            "device_type": "device_8",
            "device_status": "unknown",
            "hash": "6638f12fc268d98f8597bcb670452995"
        },
        {
            "date": "290124173817",
            "mission": "TMRS",
            "device_type": "device_7",
            "device_status": "good",
            "hash": "75e7394f8e603f64668ded22cf53ec97"
        },
        {
            "date": "290124173817",
            "mission": "TMRS",
            "device_type": "device_7",
            "device_status": "faulty",
            "hash": "40c6808feae8cae2a1abf083206124c3"
        },
        {
            "date": "290124173817",
            "mission": "TMRS",
            "device_type": "device_1",
            "device_status": "good",
            "hash": "f4a50db825e2ceb71b5e674205aae41a"
        },
        {
            "date": "290124173817",
            "mission": "TMRS",
            "device_type": "device_5",
            "device_status": "warning",
            "hash": "d2716cf87be314480f72ab621b6f7b6c"
        },
        {
            "date": "290124173817",
            "mission": "TMRS",
            "device_type": "device_4",
            "device_status": "killed",
            "hash": "f3c46c04f6069f5174c6a1a623c10b8d"
        }
    ]
}