{
    "TMRS": [
        {
            "date": "290124173905",
            "mission": "TMRS",
            "device_type": "device_7",
            "device_status": "faulty",
            "hash": "136c339ef08c502c49ed4852f710aa31"
        },
        {
            "date": "290124173905",
            "mission": "TMRS",
            "device_type": "device_8",
            "device_status": "warning",
            "hash": "cbb2d3bd876aaa43f32f0bc5014d519e"
        },
        {
            "date": "290124173905",
            "mission": "TMRS",
            "device_type": "device_7",
            "device_status": "faulty",
            "hash": "136c339ef08c502c49ed4852f710aa31"
        },
        {
            "date": "290124173905",
            "mission": "TMRS",
            "device_type": "device_4",
            "device_status": "good",
            "hash": "f35f4743c041aa60b4be36d795f6f424"
        },
        {
            "date": "290124173905",
            "mission": "TMRS",
            "device_type": "device_8",
            "device_status": "faulty",
            "hash": "c3e5f2003523970d097512e05911d3cd"
        },
        {
            "date": "290124173905",
            "mission": "TMRS",
            "device_type": "device_8",
            "device_status": "excellent",
            "hash": "f66a64e9ab9ffec56b7ea62172f2b981"
        },
        {
            "date": "290124173905",
            "mission": "TMRS",
            "device_type": "device_3",
            "device_status": "faulty",
            "hash": "5c799999389ca2251c5ab727443fb375"
        },
        {
            "date": "290124173905",
            "mission": "TMRS",
            "device_type": "device_6",
            "device_status": "warning",
            "hash": "e4874c72dd76f3bc87fe64b26ba94b49"
        },
        {
            "date": "290124173905",
            "mission": "TMRS",
            "device_type": "device_1",
            "device_status": "faulty",
            "hash": "369c5b5ebb4d251ef0196938221312ea"
        },
        {
            "date": "290124173905",
            "mission": "TMRS",
            "device_type": "device_9",
            "device_status": "faulty",
            "hash": "3b381b617b70895bb8c22f72eee6750d"
        },
        {
            "date": "290124173905",
            "mission": "TMRS",
            "device_type": "device_10",
            "device_status": "killed",
            "hash": "0461f1bc70c21c019eeaaa73e793f4f3"
        },
        {
            "date": "290124173905",
            "mission": "TMRS",
            "device_type": "device_5",
            "device_status": "good",
            "hash": "d4b305073b77c55dab19b7acfb218c40"
        },
        {
            "date": "290124173905",
            "mission": "TMRS",
            "device_type": "device_10",
            "device_status": "killed",
            "hash": "0461f1bc70c21c019eeaaa73e793f4f3"
        },
        {
            "date": "290124173905",
            "mission": "TMRS",
            "device_type": "device_3",
            "device_status": "unknown",
            "hash": "6a887ac450db47aff125cbb6a901e09b"
        },
        {
            "date": "290124173905",
            "mission": "TMRS",
            "device_type": "device_10",
            "device_status": "excellent",
            "hash": "7cc3cd99d99aef99cbe5127d139dc4db"
        },
        {
            "date": "290124173905",
            "mission": "TMRS",
            "device_type": "device_1",
            "device_status": "excellent",
            "hash": "b7623a922edd1ba3f10ea140b964e9ab"
        }
    ]
}